Using pre-set license
Built from '2020.3/staging' branch; Version is '2020.3.28f1 (f5400f52e03f) revision 16072719'; Using compiler version '192528614'; Build Type 'Release'
OS: 'Windows 11  (10.0.22000) 64bit Professional' Language: 'en' Physical Memory: 32635 MB
BatchMode: 1, IsHumanControllingUs: 0, StartBugReporterOnCrash: 0, Is64bit: 1, IsPro: 0

COMMAND LINE ARGUMENTS:
C:\Program Files\Unity\Hub\Editor\2020.3.28f1\Editor\Unity.exe
-adb2
-batchMode
-noUpm
-name
AssetImportWorker0
-projectPath
C:/Repos/Argon Assault/Argon Assault
-logFile
Logs/AssetImportWorker0.log
-srvPort
52054
Successfully changed project path to: C:/Repos/Argon Assault/Argon Assault
C:/Repos/Argon Assault/Argon Assault
Using Asset Import Pipeline V2.
Refreshing native plugins compatible for Editor in 72.15 ms, found 3 plugins.
Preloading 0 native plugins for Editor in 0.00 ms.
Initialize engine version: 2020.3.28f1 (f5400f52e03f)
[Subsystems] Discovering subsystems at path C:/Program Files/Unity/Hub/Editor/2020.3.28f1/Editor/Data/Resources/UnitySubsystems
[Subsystems] Discovering subsystems at path C:/Repos/Argon Assault/Argon Assault/Assets
GfxDevice: creating device client; threaded=0
Direct3D:
    Version:  Direct3D 11.0 [level 11.1]
    Renderer: NVIDIA GeForce RTX 3070 (ID=0x2484)
    Vendor:   
    VRAM:     8043 MB
    Driver:   30.0.15.1123
Initialize mono
Mono path[0] = 'C:/Program Files/Unity/Hub/Editor/2020.3.28f1/Editor/Data/Managed'
Mono path[1] = 'C:/Program Files/Unity/Hub/Editor/2020.3.28f1/Editor/Data/MonoBleedingEdge/lib/mono/unityjit'
Mono config path = 'C:/Program Files/Unity/Hub/Editor/2020.3.28f1/Editor/Data/MonoBleedingEdge/etc'
Using monoOptions --debugger-agent=transport=dt_socket,embedding=1,server=y,suspend=n,address=127.0.0.1:56168
Begin MonoManager ReloadAssembly
Registering precompiled unity dll's ...
Register platform support module: C:/Program Files/Unity/Hub/Editor/2020.3.28f1/Editor/Data/PlaybackEngines/WebGLSupport/UnityEditor.WebGL.Extensions.dll
Register platform support module: C:/Program Files/Unity/Hub/Editor/2020.3.28f1/Editor/Data/PlaybackEngines/WindowsStandaloneSupport/UnityEditor.WindowsStandalone.Extensions.dll
Registered in 0.000936 seconds.
Native extension for WindowsStandalone target not found
Native extension for WebGL target not found
Refreshing native plugins compatible for Editor in 72.55 ms, found 3 plugins.
Preloading 0 native plugins for Editor in 0.00 ms.
Mono: successfully reloaded assembly
- Completed reload, in  0.428 seconds
Domain Reload Profiling:
	ReloadAssembly (428ms)
		BeginReloadAssembly (39ms)
			ExecutionOrderSort (0ms)
			DisableScriptedObjects (0ms)
			BackupInstance (0ms)
			ReleaseScriptingObjects (0ms)
			CreateAndSetChildDomain (1ms)
		EndReloadAssembly (341ms)
			LoadAssemblies (38ms)
			RebuildTransferFunctionScriptingTraits (0ms)
			SetupTypeCache (90ms)
			ReleaseScriptCaches (0ms)
			RebuildScriptCaches (20ms)
			SetupLoadedEditorAssemblies (161ms)
				LogAssemblyErrors (0ms)
				InitializePlatformSupportModulesInManaged (3ms)
				SetLoadedEditorAssemblies (0ms)
				RefreshPlugins (73ms)
				BeforeProcessingInitializeOnLoad (12ms)
				ProcessInitializeOnLoadAttributes (55ms)
				ProcessInitializeOnLoadMethodAttributes (17ms)
				AfterProcessingInitializeOnLoad (0ms)
				EditorAssembliesLoaded (0ms)
			ExecutionOrderSort2 (0ms)
			AwakeInstancesAfterBackupRestoration (0ms)
Platform modules already initialized, skipping
Registering precompiled user dll's ...
Registered in 0.002843 seconds.
Begin MonoManager ReloadAssembly
Native extension for WindowsStandalone target not found
Native extension for WebGL target not found
Refreshing native plugins compatible for Editor in 81.74 ms, found 3 plugins.
Preloading 0 native plugins for Editor in 0.00 ms.
Mono: successfully reloaded assembly
- Completed reload, in  1.703 seconds
Domain Reload Profiling:
	ReloadAssembly (1703ms)
		BeginReloadAssembly (89ms)
			ExecutionOrderSort (0ms)
			DisableScriptedObjects (3ms)
			BackupInstance (0ms)
			ReleaseScriptingObjects (0ms)
			CreateAndSetChildDomain (12ms)
		EndReloadAssembly (1578ms)
			LoadAssemblies (63ms)
			RebuildTransferFunctionScriptingTraits (0ms)
			SetupTypeCache (262ms)
			ReleaseScriptCaches (0ms)
			RebuildScriptCaches (61ms)
			SetupLoadedEditorAssemblies (1111ms)
				LogAssemblyErrors (0ms)
				InitializePlatformSupportModulesInManaged (3ms)
				SetLoadedEditorAssemblies (0ms)
				RefreshPlugins (82ms)
				BeforeProcessingInitializeOnLoad (83ms)
				ProcessInitializeOnLoadAttributes (930ms)
				ProcessInitializeOnLoadMethodAttributes (10ms)
				AfterProcessingInitializeOnLoad (2ms)
				EditorAssembliesLoaded (0ms)
			ExecutionOrderSort2 (0ms)
			AwakeInstancesAfterBackupRestoration (4ms)
Platform modules already initialized, skipping
========================================================================
Worker process is ready to serve import requests
Launched and connected shader compiler UnityShaderCompiler.exe after 0.03 seconds
Refreshing native plugins compatible for Editor in 0.77 ms, found 3 plugins.
Preloading 0 native plugins for Editor in 0.00 ms.
Unloading 4754 Unused Serialized files (Serialized files now loaded: 0)
System memory in use before: 301.2 MB.
System memory in use after: 301.3 MB.

Unloading 42 unused Assets to reduce memory usage. Loaded Objects now: 5251.
Total: 2.878200 ms (FindLiveObjects: 0.217600 ms CreateObjectMapping: 0.115900 ms MarkObjects: 2.354800 ms  DeleteObjects: 0.187000 ms)

AssetImportParameters requested are different than current active one (requested -> active):
  custom:framework-win-MediaFoundation: 216162199b28c13a410421893ffa2e32 -> 
  custom:video-decoder-ogg-theora: a1e56fd34408186e4bbccfd4996cb3dc -> 
  custom:container-muxer-webm: aa71ff27fc2769a1b78a27578f13a17b -> 
  custom:container-demuxer-webm: 4f35f7cbe854078d1ac9338744f61a02 -> 
  custom:container-demuxer-ogg: 62fdf1f143b41e24485cea50d1cbac27 -> 
  custom:video-encoder-webm-vp8: eb34c28f22e8b96e1ab97ce403110664 -> 
  custom:video-decoder-webm-vp8: 9c59270c3fd7afecdb556c50c9e8de78 -> 
  custom:audio-decoder-ogg-vorbis: bf7c407c2cedff20999df2af8eb42d56 -> 
  custom:audio-encoder-webm-vorbis: bf7c407c2cedff20999df2af8eb42d56 -> 
========================================================================
Received Import Request.
  path: Assets/Prefabs/Enemies/Guardian.prefab
  artifactKey: Guid(ae33550703470194b925c8e1cae80a38) Importer(815301076,1909f56bfc062723c751e8b465ee728b)
Start importing Assets/Prefabs/Enemies/Guardian.prefab using Guid(ae33550703470194b925c8e1cae80a38) Importer(815301076,1909f56bfc062723c751e8b465ee728b)  -> (artifact id: '85edd96fcc4df1b55a7f33a803ea1812') in 0.109290 seconds 
  Import took 0.114342 seconds .

========================================================================
Received Import Request.
  Time since last request: 434.304199 seconds.
  path: Assets/Prefabs/Enemies/Probe.prefab
  artifactKey: Guid(dd6d7e1eecdb22d4a9fe651231621190) Importer(815301076,1909f56bfc062723c751e8b465ee728b)
Start importing Assets/Prefabs/Enemies/Probe.prefab using Guid(dd6d7e1eecdb22d4a9fe651231621190) Importer(815301076,1909f56bfc062723c751e8b465ee728b)  -> (artifact id: 'daea19399237807c7b7b2fa409ad720b') in 0.075462 seconds 
  Import took 0.082184 seconds .

========================================================================
Received Import Request.
  Time since last request: 3.553977 seconds.
  path: Assets/Prefabs/Enemies/Elite Scout.prefab
  artifactKey: Guid(4352848b80a328245a5c0cbe99364fda) Importer(815301076,1909f56bfc062723c751e8b465ee728b)
Start importing Assets/Prefabs/Enemies/Elite Scout.prefab using Guid(4352848b80a328245a5c0cbe99364fda) Importer(815301076,1909f56bfc062723c751e8b465ee728b)  -> (artifact id: '862bca5b62b0b71d0cb6ff23ebb0d24a') in 0.108576 seconds 
  Import took 0.118243 seconds .

========================================================================
Received Import Request.
  Time since last request: 474.447913 seconds.
  path: Assets/Prefabs/Enemies/Scout Army.prefab
  artifactKey: Guid(ff5b7c7af62fdb243aad7c000ee17f5e) Importer(815301076,1909f56bfc062723c751e8b465ee728b)
Start importing Assets/Prefabs/Enemies/Scout Army.prefab using Guid(ff5b7c7af62fdb243aad7c000ee17f5e) Importer(815301076,1909f56bfc062723c751e8b465ee728b)  -> (artifact id: '99947927d2963397a9fb170e3e0a7c31') in 0.128066 seconds 
  Import took 0.145053 seconds .

========================================================================
Received Import Request.
  Time since last request: 92.050426 seconds.
  path: Assets/Prefabs/Enemies/Scout Army.prefab
  artifactKey: Guid(ff5b7c7af62fdb243aad7c000ee17f5e) Importer(815301076,1909f56bfc062723c751e8b465ee728b)
Start importing Assets/Prefabs/Enemies/Scout Army.prefab using Guid(ff5b7c7af62fdb243aad7c000ee17f5e) Importer(815301076,1909f56bfc062723c751e8b465ee728b)  -> (artifact id: '9937c16bbb6add577eaa7f36ac2ee1fc') in 0.120275 seconds 
  Import took 0.133725 seconds .

========================================================================
Received Import Request.
  Time since last request: 26.828625 seconds.
  path: Assets/Prefabs/Enemies/Scout Army.prefab
  artifactKey: Guid(ff5b7c7af62fdb243aad7c000ee17f5e) Importer(815301076,1909f56bfc062723c751e8b465ee728b)
Start importing Assets/Prefabs/Enemies/Scout Army.prefab using Guid(ff5b7c7af62fdb243aad7c000ee17f5e) Importer(815301076,1909f56bfc062723c751e8b465ee728b)  -> (artifact id: 'fc605ae8ecfbf99b3dd12d5ee70d8177') in 0.254125 seconds 
  Import took 0.269029 seconds .

========================================================================
Received Import Request.
  Time since last request: 415.433702 seconds.
  path: Assets/Prefabs/Enemies/Guardian.prefab
  artifactKey: Guid(ae33550703470194b925c8e1cae80a38) Importer(815301076,1909f56bfc062723c751e8b465ee728b)
Start importing Assets/Prefabs/Enemies/Guardian.prefab using Guid(ae33550703470194b925c8e1cae80a38) Importer(815301076,1909f56bfc062723c751e8b465ee728b)  -> (artifact id: '3f22a46bc23d669993e9808ad718b8ad') in 0.022291 seconds 
  Import took 0.031132 seconds .

========================================================================
Received Import Request.
  Time since last request: 0.555530 seconds.
  path: Assets/Prefabs/Enemies/Guardian.prefab
  artifactKey: Guid(ae33550703470194b925c8e1cae80a38) Importer(815301076,1909f56bfc062723c751e8b465ee728b)
Start importing Assets/Prefabs/Enemies/Guardian.prefab using Guid(ae33550703470194b925c8e1cae80a38) Importer(815301076,1909f56bfc062723c751e8b465ee728b)  -> (artifact id: '0ed0ff70e1114e286fb6ef3a3d9abfbc') in 0.018188 seconds 
  Import took 0.024111 seconds .

========================================================================
Received Import Request.
  Time since last request: 3.803470 seconds.
  path: Assets/Prefabs/Enemies/Guardian.prefab
  artifactKey: Guid(ae33550703470194b925c8e1cae80a38) Importer(815301076,1909f56bfc062723c751e8b465ee728b)
Start importing Assets/Prefabs/Enemies/Guardian.prefab using Guid(ae33550703470194b925c8e1cae80a38) Importer(815301076,1909f56bfc062723c751e8b465ee728b)  -> (artifact id: '8e6f1b2ad9853a778a362ec1e3b8bb16') in 0.023399 seconds 
  Import took 0.028923 seconds .

========================================================================
Received Prepare
Registering precompiled user dll's ...
Registered in 0.005417 seconds.
Begin MonoManager ReloadAssembly
Native extension for WindowsStandalone target not found
Native extension for WebGL target not found
Refreshing native plugins compatible for Editor in 0.69 ms, found 3 plugins.
Preloading 0 native plugins for Editor in 0.00 ms.
Mono: successfully reloaded assembly
- Completed reload, in  1.166 seconds
Domain Reload Profiling:
	ReloadAssembly (1166ms)
		BeginReloadAssembly (91ms)
			ExecutionOrderSort (0ms)
			DisableScriptedObjects (4ms)
			BackupInstance (0ms)
			ReleaseScriptingObjects (0ms)
			CreateAndSetChildDomain (37ms)
		EndReloadAssembly (1038ms)
			LoadAssemblies (62ms)
			RebuildTransferFunctionScriptingTraits (0ms)
			SetupTypeCache (244ms)
			ReleaseScriptCaches (1ms)
			RebuildScriptCaches (52ms)
			SetupLoadedEditorAssemblies (601ms)
				LogAssemblyErrors (0ms)
				InitializePlatformSupportModulesInManaged (3ms)
				SetLoadedEditorAssemblies (0ms)
				RefreshPlugins (1ms)
				BeforeProcessingInitializeOnLoad (75ms)
				ProcessInitializeOnLoadAttributes (514ms)
				ProcessInitializeOnLoadMethodAttributes (6ms)
				AfterProcessingInitializeOnLoad (2ms)
				EditorAssembliesLoaded (0ms)
			ExecutionOrderSort2 (0ms)
			AwakeInstancesAfterBackupRestoration (6ms)
Platform modules already initialized, skipping
Refreshing native plugins compatible for Editor in 0.69 ms, found 3 plugins.
Preloading 0 native plugins for Editor in 0.00 ms.
Unloading 4622 Unused Serialized files (Serialized files now loaded: 0)
System memory in use before: 292.0 MB.
System memory in use after: 292.2 MB.

Unloading 23 unused Assets to reduce memory usage. Loaded Objects now: 5261.
Total: 3.029600 ms (FindLiveObjects: 0.254500 ms CreateObjectMapping: 0.124400 ms MarkObjects: 2.496700 ms  DeleteObjects: 0.152900 ms)

AssetImportParameters requested are different than current active one (requested -> active):
  custom:framework-win-MediaFoundation: 216162199b28c13a410421893ffa2e32 -> 
  custom:video-decoder-ogg-theora: a1e56fd34408186e4bbccfd4996cb3dc -> 
  custom:container-muxer-webm: aa71ff27fc2769a1b78a27578f13a17b -> 
  custom:container-demuxer-webm: 4f35f7cbe854078d1ac9338744f61a02 -> 
  custom:container-demuxer-ogg: 62fdf1f143b41e24485cea50d1cbac27 -> 
  custom:video-encoder-webm-vp8: eb34c28f22e8b96e1ab97ce403110664 -> 
  custom:video-decoder-webm-vp8: 9c59270c3fd7afecdb556c50c9e8de78 -> 
  custom:audio-decoder-ogg-vorbis: bf7c407c2cedff20999df2af8eb42d56 -> 
  custom:audio-encoder-webm-vorbis: bf7c407c2cedff20999df2af8eb42d56 -> 
========================================================================
Received Import Request.
  Time since last request: 1006.077159 seconds.
  path: Assets/Prefabs/Enemies/Guardian.prefab
  artifactKey: Guid(ae33550703470194b925c8e1cae80a38) Importer(815301076,1909f56bfc062723c751e8b465ee728b)
Start importing Assets/Prefabs/Enemies/Guardian.prefab using Guid(ae33550703470194b925c8e1cae80a38) Importer(815301076,1909f56bfc062723c751e8b465ee728b)  -> (artifact id: '4e7fd46296a59ba192675b90271dc681') in 0.092595 seconds 
  Import took 0.099840 seconds .

========================================================================
Received Import Request.
  Time since last request: 669.871815 seconds.
  path: Assets/Prefabs/Enemies/Rocky.prefab
  artifactKey: Guid(b3d1e279cbaac2d469af8f3c3442c073) Importer(815301076,1909f56bfc062723c751e8b465ee728b)
Start importing Assets/Prefabs/Enemies/Rocky.prefab using Guid(b3d1e279cbaac2d469af8f3c3442c073) Importer(815301076,1909f56bfc062723c751e8b465ee728b)  -> (artifact id: '146346ad65d814c84174ef9577942ce5') in 0.122890 seconds 
  Import took 0.132219 seconds .

========================================================================
Received Import Request.
  Time since last request: 78.364447 seconds.
  path: Assets/Asset Packs/Low Poly Pack - Environment Lite/Materials/Albedo.mat
  artifactKey: Guid(130d7378e70dbc14a9dded2d547168ee) Importer(815301076,1909f56bfc062723c751e8b465ee728b)
Start importing Assets/Asset Packs/Low Poly Pack - Environment Lite/Materials/Albedo.mat using Guid(130d7378e70dbc14a9dded2d547168ee) Importer(815301076,1909f56bfc062723c751e8b465ee728b)  -> (artifact id: 'd81d7057ea3a4c73e717b6ef5c75553b') in 0.029555 seconds 
  Import took 0.035990 seconds .

========================================================================
Received Import Request.
  Time since last request: 5.556229 seconds.
  path: Assets/Asset Packs/EffectTexturesAndPrefabs/Materials/Blue.mat
  artifactKey: Guid(056b8378eaa9abc4099799b460ca1f78) Importer(815301076,1909f56bfc062723c751e8b465ee728b)
Start importing Assets/Asset Packs/EffectTexturesAndPrefabs/Materials/Blue.mat using Guid(056b8378eaa9abc4099799b460ca1f78) Importer(815301076,1909f56bfc062723c751e8b465ee728b)  -> (artifact id: 'ea026dfb20649dc190fb7f66d14cf556') in 0.015242 seconds 
  Import took 0.020824 seconds .

========================================================================
Received Import Request.
  Time since last request: 0.859103 seconds.
  path: Assets/Asset Packs/Sci_fi_Drones/Models/Robot_Scout_HyperX_Unity.fbx
  artifactKey: Guid(7ef5a93e089a2b841891487c5d6e5d28) Importer(815301076,1909f56bfc062723c751e8b465ee728b)
Start importing Assets/Asset Packs/Sci_fi_Drones/Models/Robot_Scout_HyperX_Unity.fbx using Guid(7ef5a93e089a2b841891487c5d6e5d28) Importer(815301076,1909f56bfc062723c751e8b465ee728b)  -> (artifact id: 'f4e95afe62dcc3b9b352d05b1e39c1fb') in 0.071558 seconds 
  Import took 0.077689 seconds .

========================================================================
Received Import Request.
  Time since last request: 4.124615 seconds.
  path: Assets/Asset Packs/Customizable Skybox/Materials/Clouds.mat
  artifactKey: Guid(b2fcea6c7d9dbab4ca781825705d50be) Importer(815301076,1909f56bfc062723c751e8b465ee728b)
Start importing Assets/Asset Packs/Customizable Skybox/Materials/Clouds.mat using Guid(b2fcea6c7d9dbab4ca781825705d50be) Importer(815301076,1909f56bfc062723c751e8b465ee728b)  -> (artifact id: 'f7c7c9b6e6b6909d162adf12525cd682') in 0.009390 seconds 
  Import took 0.014897 seconds .

========================================================================
Received Import Request.
  Time since last request: 0.126741 seconds.
  path: Assets/Asset Packs/Customizable Skybox/Model/Materials/dark trunk.mat
  artifactKey: Guid(b50f1c4e199dc3b47b56b0880d757857) Importer(815301076,1909f56bfc062723c751e8b465ee728b)
Start importing Assets/Asset Packs/Customizable Skybox/Model/Materials/dark trunk.mat using Guid(b50f1c4e199dc3b47b56b0880d757857) Importer(815301076,1909f56bfc062723c751e8b465ee728b)  -> (artifact id: '933ae516d1d5ca21929af9064aa1c4e8') in 0.009078 seconds 
  Import took 0.014989 seconds .

========================================================================
Received Import Request.
  Time since last request: 0.015294 seconds.
  path: Assets/Asset Packs/Customizable Skybox/Model/Materials/darken leafs.mat
  artifactKey: Guid(d35ea29c48c3e1944a4f03cab15e36c2) Importer(815301076,1909f56bfc062723c751e8b465ee728b)
Start importing Assets/Asset Packs/Customizable Skybox/Model/Materials/darken leafs.mat using Guid(d35ea29c48c3e1944a4f03cab15e36c2) Importer(815301076,1909f56bfc062723c751e8b465ee728b)  -> (artifact id: '69fd1a4804a6a680b7d587df7a258b0c') in 0.009605 seconds 
  Import took 0.015380 seconds .

========================================================================
Received Import Request.
  Time since last request: 0.016414 seconds.
  path: Assets/Asset Packs/Customizable Skybox/Materials/darken leafs.mat
  artifactKey: Guid(3020cfb028abb6c4f977e1db1f72bef5) Importer(815301076,1909f56bfc062723c751e8b465ee728b)
Start importing Assets/Asset Packs/Customizable Skybox/Materials/darken leafs.mat using Guid(3020cfb028abb6c4f977e1db1f72bef5) Importer(815301076,1909f56bfc062723c751e8b465ee728b)  -> (artifact id: '3d0b1a1a6cfdc3594878a2ea10664dc6') in 0.009530 seconds 
  Import took 0.015132 seconds .

========================================================================
Received Import Request.
  Time since last request: 0.017976 seconds.
  path: Assets/Asset Packs/Customizable Skybox/Stylized Sky/Materials/Day1.mat
  artifactKey: Guid(9aa8ed67591432941bb76f12eb23ff91) Importer(815301076,1909f56bfc062723c751e8b465ee728b)
Start importing Assets/Asset Packs/Customizable Skybox/Stylized Sky/Materials/Day1.mat using Guid(9aa8ed67591432941bb76f12eb23ff91) Importer(815301076,1909f56bfc062723c751e8b465ee728b)  -> (artifact id: 'd062a59c20e56910be9988683cca3009') in 0.010445 seconds 
  Import took 0.016087 seconds .

========================================================================
Received Import Request.
  Time since last request: 0.019796 seconds.
  path: Assets/Asset Packs/Customizable Skybox/Stylized Sky/Materials/Day2.mat
  artifactKey: Guid(5c80d49013691df48ac94280337e88ce) Importer(815301076,1909f56bfc062723c751e8b465ee728b)
Start importing Assets/Asset Packs/Customizable Skybox/Stylized Sky/Materials/Day2.mat using Guid(5c80d49013691df48ac94280337e88ce) Importer(815301076,1909f56bfc062723c751e8b465ee728b)  -> (artifact id: '820702cec6c7288dc78eb85de6910cbc') in 0.009423 seconds 
  Import took 0.014467 seconds .

========================================================================
Received Import Request.
  Time since last request: 0.020418 seconds.
  path: Assets/Asset Packs/Customizable Skybox/Stylized Sky/Materials/Day3.mat
  artifactKey: Guid(56113b3b655ab7349bab4d7d405c258a) Importer(815301076,1909f56bfc062723c751e8b465ee728b)
Start importing Assets/Asset Packs/Customizable Skybox/Stylized Sky/Materials/Day3.mat using Guid(56113b3b655ab7349bab4d7d405c258a) Importer(815301076,1909f56bfc062723c751e8b465ee728b)  -> (artifact id: 'c59edf9b63e4d463db3b268bd32bcce2') in 0.010300 seconds 
  Import took 0.015122 seconds .

========================================================================
Received Import Request.
  Time since last request: 0.022905 seconds.
  path: Assets/Asset Packs/Customizable Skybox/Stylized Sky/Materials/Day4.mat
  artifactKey: Guid(5c57bb9da366e944a8f4ae9be4f413ec) Importer(815301076,1909f56bfc062723c751e8b465ee728b)
Start importing Assets/Asset Packs/Customizable Skybox/Stylized Sky/Materials/Day4.mat using Guid(5c57bb9da366e944a8f4ae9be4f413ec) Importer(815301076,1909f56bfc062723c751e8b465ee728b)  -> (artifact id: 'f26507ddb67eeca318a5d98e186fc5a4') in 0.008844 seconds 
  Import took 0.015378 seconds .

========================================================================
Received Import Request.
  Time since last request: 0.026666 seconds.
  path: Assets/Asset Packs/Customizable Skybox/Stylized Sky/Materials/Day5.mat
  artifactKey: Guid(6225fa8890cf025489e57d3aa1d87260) Importer(815301076,1909f56bfc062723c751e8b465ee728b)
Start importing Assets/Asset Packs/Customizable Skybox/Stylized Sky/Materials/Day5.mat using Guid(6225fa8890cf025489e57d3aa1d87260) Importer(815301076,1909f56bfc062723c751e8b465ee728b)  -> (artifact id: '2fa25bb7296944db966b7187d8ce79d5') in 0.011054 seconds 
  Import took 0.017073 seconds .

========================================================================
Received Import Request.
  Time since last request: 0.031351 seconds.
  path: Assets/Asset Packs/Customizable Skybox/Stylized Sky/Materials/Day7.mat
  artifactKey: Guid(ddbcbb3899687ea469ed4a5fce1532df) Importer(815301076,1909f56bfc062723c751e8b465ee728b)
Start importing Assets/Asset Packs/Customizable Skybox/Stylized Sky/Materials/Day7.mat using Guid(ddbcbb3899687ea469ed4a5fce1532df) Importer(815301076,1909f56bfc062723c751e8b465ee728b)  -> (artifact id: '9773ba2fbd450cc935b24c30e8cba4b6') in 0.009694 seconds 
  Import took 0.015112 seconds .

========================================================================
Received Import Request.
  Time since last request: 0.073924 seconds.
  path: Assets/Asset Packs/Customizable Skybox/Model/Materials/earth.mat
  artifactKey: Guid(9d1ca55e2263fd54589900465f90d06e) Importer(815301076,1909f56bfc062723c751e8b465ee728b)
Start importing Assets/Asset Packs/Customizable Skybox/Model/Materials/earth.mat using Guid(9d1ca55e2263fd54589900465f90d06e) Importer(815301076,1909f56bfc062723c751e8b465ee728b)  -> (artifact id: 'd96b9bebca6c44d386dade6e27951101') in 0.009462 seconds 
  Import took 0.014448 seconds .

========================================================================
Received Import Request.
  Time since last request: 0.015047 seconds.
  path: Assets/Asset Packs/Customizable Skybox/Materials/earth.mat
  artifactKey: Guid(ef6223db6cd2fd94481bcb5ce352cc30) Importer(815301076,1909f56bfc062723c751e8b465ee728b)
Start importing Assets/Asset Packs/Customizable Skybox/Materials/earth.mat using Guid(ef6223db6cd2fd94481bcb5ce352cc30) Importer(815301076,1909f56bfc062723c751e8b465ee728b)  -> (artifact id: 'ca3010e4fe4b7100ebd905837455ecbd') in 0.009004 seconds 
  Import took 0.014021 seconds .

========================================================================
Received Import Request.
  Time since last request: 5.080988 seconds.
  path: Assets/Asset Packs/egg/egg.fbx
  artifactKey: Guid(b43672a6cd97f014d87a045c04439f6e) Importer(815301076,1909f56bfc062723c751e8b465ee728b)
Start importing Assets/Asset Packs/egg/egg.fbx using Guid(b43672a6cd97f014d87a045c04439f6e) Importer(815301076,1909f56bfc062723c751e8b465ee728b)  -> (artifact id: 'bc96194790c3e4eb35dd9bdee97089e4') in 0.025440 seconds 
  Import took 0.030815 seconds .

========================================================================
Received Import Request.
  Time since last request: 8.639156 seconds.
  path: Assets/Asset Packs/BrokenVector/LowPolyRockPack/Materials/Green.mat
  artifactKey: Guid(58580be5a1ee44d42a9966d48abb8758) Importer(815301076,1909f56bfc062723c751e8b465ee728b)
Start importing Assets/Asset Packs/BrokenVector/LowPolyRockPack/Materials/Green.mat using Guid(58580be5a1ee44d42a9966d48abb8758) Importer(815301076,1909f56bfc062723c751e8b465ee728b)  -> (artifact id: '823a0d472adb96b7a6eb5252836d26ea') in 0.011145 seconds 
  Import took 0.016411 seconds .

========================================================================
Received Import Request.
  Time since last request: 0.053428 seconds.
  path: Assets/Asset Packs/Customizable Skybox/Model/Materials/green tree.mat
  artifactKey: Guid(c856162727dc18842bc191504f727456) Importer(815301076,1909f56bfc062723c751e8b465ee728b)
Start importing Assets/Asset Packs/Customizable Skybox/Model/Materials/green tree.mat using Guid(c856162727dc18842bc191504f727456) Importer(815301076,1909f56bfc062723c751e8b465ee728b)  -> (artifact id: '860b09c6b751ed0d96e562dd5b09ece9') in 0.009879 seconds 
  Import took 0.016126 seconds .

========================================================================
Received Import Request.
  Time since last request: 0.015253 seconds.
  path: Assets/Asset Packs/Customizable Skybox/Materials/green tree.mat
  artifactKey: Guid(162ad232b242eb042b91b10dc755c486) Importer(815301076,1909f56bfc062723c751e8b465ee728b)
Start importing Assets/Asset Packs/Customizable Skybox/Materials/green tree.mat using Guid(162ad232b242eb042b91b10dc755c486) Importer(815301076,1909f56bfc062723c751e8b465ee728b)  -> (artifact id: '4c2eb93ac6e49b1fab9a7f990b65b3db') in 0.009340 seconds 
  Import took 0.016339 seconds .

========================================================================
Received Import Request.
  Time since last request: 0.090576 seconds.
  path: Assets/Asset Packs/Low Poly Pack - Environment Lite/Materials/Ground.mat
  artifactKey: Guid(9988c92b770debd4c90b02ed4ff273df) Importer(815301076,1909f56bfc062723c751e8b465ee728b)
Start importing Assets/Asset Packs/Low Poly Pack - Environment Lite/Materials/Ground.mat using Guid(9988c92b770debd4c90b02ed4ff273df) Importer(815301076,1909f56bfc062723c751e8b465ee728b)  -> (artifact id: 'a4910053123286f338be2ac18efa7f30') in 0.010124 seconds 
  Import took 0.015817 seconds .

========================================================================
Received Import Request.
  Time since last request: 4.328183 seconds.
  path: Assets/Asset Packs/Customizable Skybox/Stylized Sky/Materials/Day6.mat
  artifactKey: Guid(bbbcd551076325545ba102ba8c308520) Importer(815301076,1909f56bfc062723c751e8b465ee728b)
Start importing Assets/Asset Packs/Customizable Skybox/Stylized Sky/Materials/Day6.mat using Guid(bbbcd551076325545ba102ba8c308520) Importer(815301076,1909f56bfc062723c751e8b465ee728b)  -> (artifact id: '5213e2986c2f1c6ef974f85b558f2e84') in 0.009161 seconds 
  Import took 0.014390 seconds .

========================================================================
Received Import Request.
  Time since last request: 0.274651 seconds.
  path: Assets/Asset Packs/Customizable Skybox/Materials/dark trunk.mat
  artifactKey: Guid(7c7f7e923f30d8b4193dfc9a7eb33ea9) Importer(815301076,1909f56bfc062723c751e8b465ee728b)
Start importing Assets/Asset Packs/Customizable Skybox/Materials/dark trunk.mat using Guid(7c7f7e923f30d8b4193dfc9a7eb33ea9) Importer(815301076,1909f56bfc062723c751e8b465ee728b)  -> (artifact id: '979b25ce347160aeea10a5a5f2c75154') in 0.010441 seconds 
  Import took 0.016666 seconds .

========================================================================
Received Import Request.
  Time since last request: 929.833457 seconds.
  path: Assets/Materials/Scanner.mat
  artifactKey: Guid(547722a2345ca1a48b7a82beee414b5a) Importer(815301076,1909f56bfc062723c751e8b465ee728b)
Start importing Assets/Materials/Scanner.mat using Guid(547722a2345ca1a48b7a82beee414b5a) Importer(815301076,1909f56bfc062723c751e8b465ee728b)  -> (artifact id: '4c5c8088a1af78feceb85763e9b4f55b') in 0.013058 seconds 
  Import took 0.019487 seconds .

========================================================================
Received Prepare
Registering precompiled user dll's ...
Registered in 0.002772 seconds.
Begin MonoManager ReloadAssembly
Native extension for WindowsStandalone target not found
Native extension for WebGL target not found
Refreshing native plugins compatible for Editor in 0.65 ms, found 3 plugins.
Preloading 0 native plugins for Editor in 0.00 ms.
Mono: successfully reloaded assembly
- Completed reload, in  1.195 seconds
Domain Reload Profiling:
	ReloadAssembly (1196ms)
		BeginReloadAssembly (90ms)
			ExecutionOrderSort (0ms)
			DisableScriptedObjects (3ms)
			BackupInstance (0ms)
			ReleaseScriptingObjects (0ms)
			CreateAndSetChildDomain (37ms)
		EndReloadAssembly (1066ms)
			LoadAssemblies (64ms)
			RebuildTransferFunctionScriptingTraits (0ms)
			SetupTypeCache (279ms)
			ReleaseScriptCaches (2ms)
			RebuildScriptCaches (50ms)
			SetupLoadedEditorAssemblies (596ms)
				LogAssemblyErrors (0ms)
				InitializePlatformSupportModulesInManaged (3ms)
				SetLoadedEditorAssemblies (0ms)
				RefreshPlugins (1ms)
				BeforeProcessingInitializeOnLoad (73ms)
				ProcessInitializeOnLoadAttributes (509ms)
				ProcessInitializeOnLoadMethodAttributes (7ms)
				AfterProcessingInitializeOnLoad (2ms)
				EditorAssembliesLoaded (0ms)
			ExecutionOrderSort2 (0ms)
			AwakeInstancesAfterBackupRestoration (6ms)
Platform modules already initialized, skipping
Refreshing native plugins compatible for Editor in 0.68 ms, found 3 plugins.
Preloading 0 native plugins for Editor in 0.00 ms.
Unloading 4623 Unused Serialized files (Serialized files now loaded: 0)
System memory in use before: 292.5 MB.
System memory in use after: 292.7 MB.

Unloading 23 unused Assets to reduce memory usage. Loaded Objects now: 5302.
Total: 3.061700 ms (FindLiveObjects: 0.252500 ms CreateObjectMapping: 0.127200 ms MarkObjects: 2.519300 ms  DeleteObjects: 0.161600 ms)

AssetImportParameters requested are different than current active one (requested -> active):
  custom:framework-win-MediaFoundation: 216162199b28c13a410421893ffa2e32 -> 
  custom:video-decoder-ogg-theora: a1e56fd34408186e4bbccfd4996cb3dc -> 
  custom:container-muxer-webm: aa71ff27fc2769a1b78a27578f13a17b -> 
  custom:container-demuxer-webm: 4f35f7cbe854078d1ac9338744f61a02 -> 
  custom:container-demuxer-ogg: 62fdf1f143b41e24485cea50d1cbac27 -> 
  custom:video-encoder-webm-vp8: eb34c28f22e8b96e1ab97ce403110664 -> 
  custom:video-decoder-webm-vp8: 9c59270c3fd7afecdb556c50c9e8de78 -> 
  custom:audio-decoder-ogg-vorbis: bf7c407c2cedff20999df2af8eb42d56 -> 
  custom:audio-encoder-webm-vorbis: bf7c407c2cedff20999df2af8eb42d56 -> 
