
=== Wed Nov 17 14:07:16 2021

Packages were changed.
Update Mode: mergeDefaultDependencies

The following packages were added:
  com.unity.collab-proxy@1.5.7
  com.unity.ide.rider@2.0.7
  com.unity.ide.visualstudio@2.0.8
  com.unity.ide.vscode@1.2.3
  com.unity.modules.ai@1.0.0
  com.unity.modules.androidjni@1.0.0
  com.unity.modules.animation@1.0.0
  com.unity.modules.assetbundle@1.0.0
  com.unity.modules.audio@1.0.0
  com.unity.modules.cloth@1.0.0
  com.unity.modules.director@1.0.0
  com.unity.modules.imageconversion@1.0.0
  com.unity.modules.imgui@1.0.0
  com.unity.modules.jsonserialize@1.0.0
  com.unity.modules.particlesystem@1.0.0
  com.unity.modules.physics@1.0.0
  com.unity.modules.physics2d@1.0.0
  com.unity.modules.screencapture@1.0.0
  com.unity.modules.terrain@1.0.0
  com.unity.modules.terrainphysics@1.0.0
  com.unity.modules.tilemap@1.0.0
  com.unity.modules.ui@1.0.0
  com.unity.modules.uielements@1.0.0
  com.unity.modules.umbra@1.0.0
  com.unity.modules.unityanalytics@1.0.0
  com.unity.modules.unitywebrequest@1.0.0
  com.unity.modules.unitywebrequestassetbundle@1.0.0
  com.unity.modules.unitywebrequestaudio@1.0.0
  com.unity.modules.unitywebrequesttexture@1.0.0
  com.unity.modules.unitywebrequestwww@1.0.0
  com.unity.modules.vehicles@1.0.0
  com.unity.modules.video@1.0.0
  com.unity.modules.vr@1.0.0
  com.unity.modules.wind@1.0.0
  com.unity.modules.xr@1.0.0
  com.unity.test-framework@1.1.24
  com.unity.textmeshpro@3.0.6
  com.unity.timeline@1.4.8
  com.unity.ugui@1.0.0

=== Tue Feb  1 15:02:42 2022

Packages were changed.
Update Mode: updateDependencies

The following packages were updated:
  com.unity.collab-proxy from version 1.5.7 to 1.15.7
  com.unity.ide.visualstudio from version 2.0.8 to 2.0.12
  com.unity.ide.vscode from version 1.2.3 to 1.2.4
  com.unity.inputsystem from version 1.0.2 to 1.3.0
  com.unity.test-framework from version 1.1.24 to 1.1.29

=== Wed Feb  9 11:55:53 2022

Packages were changed.
Update Mode: mergeDefaultDependencies

The following packages were added:
  com.unity.2d.animation@5.0.9
  com.unity.2d.sprite@1.0.0
  com.unity.2d.spriteshape@5.1.5

=== Thu Feb 10 11:27:54 2022

Packages were changed.
Update Mode: mergeDefaultDependencies

The following packages were added:
  com.unity.2d.psdimporter@4.0.2
  com.unity.animation.rigging@1.1.1
  com.unity.cinemachine@2.6.10
  com.unity.render-pipelines.universal@10.5.1
  com.unity.toolchain.win-x86_64-linux-x86_64@0.1.21-preview
  com.unity.visualeffectgraph@10.5.1

=== Thu Feb 10 11:31:52 2022

Packages were changed.
Update Mode: updateDependencies

The following packages were updated:
  com.unity.2d.animation from version 5.0.9 to 5.1.0
  com.unity.2d.psdimporter from version 4.0.2 to 4.2.0
  com.unity.2d.spriteshape from version 5.1.5 to 5.2.0
  com.unity.ide.visualstudio from version 2.0.12 to 2.0.14
  com.unity.render-pipelines.universal from version 10.5.1 to 10.8.1
  com.unity.visualeffectgraph from version 10.5.1 to 10.8.1
